android/app/build/intermediates/manifest_merge_blame_file/release/processReleaseMainManifest/manifest-merger-blame-release-report.txt
1<?xml version="1.0" encoding="utf-8"?>
2<!--
3    Copyright 2019 Google Inc. All Rights Reserved.
4
5     Licensed under the Apache License, Version 2.0 (the "License");
6     you may not use this file except in compliance with the License.
7     You may obtain a copy of the License at
8
9         http://www.apache.org/licenses/LICENSE-2.0
10
11     Unless required by applicable law or agreed to in writing, software
12     distributed under the License is distributed on an "AS IS" BASIS,
13     WITHOUT WARRANTIES OR CONDITIONS OF ANY KIND, either express or implied.
14     See the License for the specific language governing permissions and
15     limitations under the License.
16-->
17<!--
18 The "package" attribute is rewritten by the Gradle build with the value of applicationId.
19     It is still required here, as it is used to derive paths, for instance when referring
20     to an Activity by ".MyActivity" instead of the full name. If more Activities are added to the
21     application, the package attribute will need to reflect the correct path in order to use
22     the abbreviated format.
23-->
24<manifest xmlns:android="http://schemas.android.com/apk/res/android"
25    package="com.fvergaracl.interralink"
26    android:versionCode="4"
27    android:versionName="4" >
28
29    <uses-sdk
30        android:minSdkVersion="21"
31        android:targetSdkVersion="35" />
32
33    <uses-permission android:name="android.permission.INTERNET" />
33-->src/main/AndroidManifest.xml:26:9-70
33-->src/main/AndroidManifest.xml:26:26-68
34    <uses-permission android:name="android.permission.POST_NOTIFICATIONS" />
34-->src/main/AndroidManifest.xml:28:9-80
34-->src/main/AndroidManifest.xml:28:26-78
35    <uses-permission android:name="android.permission.ACCESS_FINE_LOCATION" />
35-->[com.google.androidbrowserhelper:locationdelegation:1.1.1] AndroidManifest.xml:11:5-79
35-->[com.google.androidbrowserhelper:locationdelegation:1.1.1] AndroidManifest.xml:11:22-76
36    <uses-permission android:name="android.permission.ACCESS_COARSE_LOCATION" />
36-->[com.google.androidbrowserhelper:locationdelegation:1.1.1] AndroidManifest.xml:12:5-81
36-->[com.google.androidbrowserhelper:locationdelegation:1.1.1] AndroidManifest.xml:12:22-78
37
38    <queries>
38-->[com.google.androidbrowserhelper:androidbrowserhelper:2.5.0] AndroidManifest.xml:26:5-34:15
39        <intent>
39-->[com.google.androidbrowserhelper:androidbrowserhelper:2.5.0] AndroidManifest.xml:27:9-33:18
40            <action android:name="android.intent.action.VIEW" />
40-->src/main/AndroidManifest.xml:142:17-68
40-->src/main/AndroidManifest.xml:142:25-66
41
42            <category android:name="android.intent.category.BROWSABLE" />
42-->src/main/AndroidManifest.xml:144:17-77
42-->src/main/AndroidManifest.xml:144:27-75
43
44            <data android:scheme="https" />
44-->src/main/AndroidManifest.xml:145:17-148:19
44-->src/main/AndroidManifest.xml:145:23-45
45        </intent>
46    </queries>
47
48    <application
48-->src/main/AndroidManifest.xml:37:5-194:19
49        android:name="com.fvergaracl.interralink.Application"
49-->src/main/AndroidManifest.xml:38:9-35
50        android:allowBackup="true"
50-->src/main/AndroidManifest.xml:39:9-35
51        android:appComponentFactory="androidx.core.app.CoreComponentFactory"
51-->[androidx.core:core:1.2.0] AndroidManifest.xml:24:18-86
52        android:extractNativeLibs="true"
53        android:icon="@mipmap/ic_launcher"
53-->src/main/AndroidManifest.xml:40:9-43
54        android:label="@string/appName"
54-->src/main/AndroidManifest.xml:41:9-40
55        android:manageSpaceActivity="com.google.androidbrowserhelper.trusted.ManageDataLauncherActivity"
55-->src/main/AndroidManifest.xml:43:9-105
56        android:supportsRtl="true"
56-->src/main/AndroidManifest.xml:45:9-35
57        android:theme="@android:style/Theme.Translucent.NoTitleBar" >
57-->src/main/AndroidManifest.xml:46:9-68
58        <meta-data
58-->src/main/AndroidManifest.xml:48:9-50:58
59            android:name="asset_statements"
59-->src/main/AndroidManifest.xml:49:13-44
60            android:resource="@string/assetStatements" />
60-->src/main/AndroidManifest.xml:50:13-55
61        <meta-data
61-->src/main/AndroidManifest.xml:53:13-55:58
62            android:name="web_manifest_url"
62-->src/main/AndroidManifest.xml:54:17-48
63            android:value="@string/webManifestUrl" />
63-->src/main/AndroidManifest.xml:55:17-55
64        <meta-data
64-->src/main/AndroidManifest.xml:58:9-60:52
65            android:name="twa_generator"
65-->src/main/AndroidManifest.xml:59:13-41
66            android:value="@string/generatorApp" />
66-->src/main/AndroidManifest.xml:60:13-49
67
68        <activity android:name="com.google.androidbrowserhelper.trusted.ManageDataLauncherActivity" >
68-->src/main/AndroidManifest.xml:67:13-71:24
68-->src/main/AndroidManifest.xml:67:23-104
69            <meta-data
69-->src/main/AndroidManifest.xml:68:13-70:53
70                android:name="android.support.customtabs.trusted.MANAGE_SPACE_URL"
70-->src/main/AndroidManifest.xml:69:17-83
71                android:value="@string/launchUrl" />
71-->src/main/AndroidManifest.xml:70:17-50
72        </activity>
73        <activity
73-->src/main/AndroidManifest.xml:74:9-152:20
74            android:name="com.fvergaracl.interralink.LauncherActivity"
74-->src/main/AndroidManifest.xml:74:19-50
75            android:alwaysRetainTaskState="true"
75-->src/main/AndroidManifest.xml:75:13-49
76            android:exported="true"
76-->src/main/AndroidManifest.xml:77:13-36
77            android:label="@string/launcherName" >
77-->src/main/AndroidManifest.xml:76:13-49
78            <meta-data
78-->src/main/AndroidManifest.xml:78:13-79:53
79                android:name="android.support.customtabs.trusted.DEFAULT_URL"
79-->src/main/AndroidManifest.xml:78:24-85
80                android:value="@string/launchUrl" />
80-->src/main/AndroidManifest.xml:79:17-50
81            <meta-data
81-->src/main/AndroidManifest.xml:81:13-83:58
82                android:name="android.support.customtabs.trusted.STATUS_BAR_COLOR"
82-->src/main/AndroidManifest.xml:82:17-83
83                android:resource="@color/colorPrimary" />
83-->src/main/AndroidManifest.xml:83:17-55
84            <meta-data
84-->src/main/AndroidManifest.xml:85:13-87:62
85                android:name="android.support.customtabs.trusted.STATUS_BAR_COLOR_DARK"
85-->src/main/AndroidManifest.xml:86:17-88
86                android:resource="@color/colorPrimaryDark" />
86-->src/main/AndroidManifest.xml:87:17-59
87            <meta-data
87-->src/main/AndroidManifest.xml:89:13-91:61
88                android:name="android.support.customtabs.trusted.NAVIGATION_BAR_COLOR"
88-->src/main/AndroidManifest.xml:90:17-87
89                android:resource="@color/navigationColor" />
89-->src/main/AndroidManifest.xml:91:17-58
90            <meta-data
90-->src/main/AndroidManifest.xml:93:13-95:65
91                android:name="android.support.customtabs.trusted.NAVIGATION_BAR_COLOR_DARK"
91-->src/main/AndroidManifest.xml:94:17-92
92                android:resource="@color/navigationColorDark" />
92-->src/main/AndroidManifest.xml:95:17-62
93            <meta-data
93-->src/main/AndroidManifest.xml:97:13-99:68
94                android:name="androix.browser.trusted.NAVIGATION_BAR_DIVIDER_COLOR"
94-->src/main/AndroidManifest.xml:98:17-84
95                android:resource="@color/navigationDividerColor" />
95-->src/main/AndroidManifest.xml:99:17-65
96            <meta-data
96-->src/main/AndroidManifest.xml:101:13-103:72
97                android:name="androix.browser.trusted.NAVIGATION_BAR_DIVIDER_COLOR_DARK"
97-->src/main/AndroidManifest.xml:102:17-89
98                android:resource="@color/navigationDividerColorDark" />
98-->src/main/AndroidManifest.xml:103:17-69
99            <meta-data
99-->src/main/AndroidManifest.xml:105:13-106:54
100                android:name="android.support.customtabs.trusted.SPLASH_IMAGE_DRAWABLE"
100-->src/main/AndroidManifest.xml:105:24-95
101                android:resource="@drawable/splash" />
101-->src/main/AndroidManifest.xml:106:17-52
102            <meta-data
102-->src/main/AndroidManifest.xml:108:13-109:60
103                android:name="android.support.customtabs.trusted.SPLASH_SCREEN_BACKGROUND_COLOR"
103-->src/main/AndroidManifest.xml:108:24-104
104                android:resource="@color/backgroundColor" />
104-->src/main/AndroidManifest.xml:109:17-58
105            <meta-data
105-->src/main/AndroidManifest.xml:111:13-112:71
106                android:name="android.support.customtabs.trusted.SPLASH_SCREEN_FADE_OUT_DURATION"
106-->src/main/AndroidManifest.xml:111:24-105
107                android:value="@integer/splashScreenFadeOutDuration" />
107-->src/main/AndroidManifest.xml:112:17-69
108            <meta-data
108-->src/main/AndroidManifest.xml:114:13-115:60
109                android:name="android.support.customtabs.trusted.FILE_PROVIDER_AUTHORITY"
109-->src/main/AndroidManifest.xml:114:24-97
110                android:value="@string/providerAuthority" />
110-->src/main/AndroidManifest.xml:115:17-58
111            <meta-data
111-->src/main/AndroidManifest.xml:117:13-97
112                android:name="android.app.shortcuts"
112-->src/main/AndroidManifest.xml:117:24-60
113                android:resource="@xml/shortcuts" />
113-->src/main/AndroidManifest.xml:117:61-94
114            <meta-data
114-->src/main/AndroidManifest.xml:119:13-120:56
115                android:name="android.support.customtabs.trusted.FALLBACK_STRATEGY"
115-->src/main/AndroidManifest.xml:119:24-91
116                android:value="@string/fallbackType" />
116-->src/main/AndroidManifest.xml:120:17-53
117            <meta-data
117-->src/main/AndroidManifest.xml:125:13-126:45
118                android:name="android.support.customtabs.trusted.DISPLAY_MODE"
118-->src/main/AndroidManifest.xml:125:24-86
119                android:value="immersive" />
119-->src/main/AndroidManifest.xml:126:17-42
120            <meta-data
120-->src/main/AndroidManifest.xml:129:13-130:54
121                android:name="android.support.customtabs.trusted.SCREEN_ORIENTATION"
121-->src/main/AndroidManifest.xml:129:24-92
122                android:value="@string/orientation" />
122-->src/main/AndroidManifest.xml:130:17-52
123
124            <intent-filter>
124-->src/main/AndroidManifest.xml:136:13-139:29
125                <action android:name="android.intent.action.MAIN" />
125-->src/main/AndroidManifest.xml:137:17-69
125-->src/main/AndroidManifest.xml:137:25-66
126
127                <category android:name="android.intent.category.LAUNCHER" />
127-->src/main/AndroidManifest.xml:138:17-77
127-->src/main/AndroidManifest.xml:138:27-74
128            </intent-filter>
129            <intent-filter android:autoVerify="true" >
129-->src/main/AndroidManifest.xml:141:13-149:29
129-->src/main/AndroidManifest.xml:141:28-53
130                <action android:name="android.intent.action.VIEW" />
130-->src/main/AndroidManifest.xml:142:17-68
130-->src/main/AndroidManifest.xml:142:25-66
131
132                <category android:name="android.intent.category.DEFAULT" />
132-->src/main/AndroidManifest.xml:143:17-76
132-->src/main/AndroidManifest.xml:143:27-73
133                <category android:name="android.intent.category.BROWSABLE" />
133-->src/main/AndroidManifest.xml:144:17-77
133-->src/main/AndroidManifest.xml:144:27-75
134
135                <data
135-->src/main/AndroidManifest.xml:145:17-148:19
136                    android:host="@string/hostName"
136-->src/main/AndroidManifest.xml:146:21-52
137                    android:scheme="https" />
137-->src/main/AndroidManifest.xml:145:23-45
138            </intent-filter>
139        </activity>
140        <activity android:name="com.google.androidbrowserhelper.trusted.FocusActivity" />
140-->src/main/AndroidManifest.xml:154:9-90
140-->src/main/AndroidManifest.xml:154:19-87
141        <activity
141-->src/main/AndroidManifest.xml:156:9-157:62
142            android:name="com.google.androidbrowserhelper.trusted.WebViewFallbackActivity"
142-->src/main/AndroidManifest.xml:156:19-97
143            android:configChanges="orientation|screenSize" />
143-->src/main/AndroidManifest.xml:157:13-59
144
145        <provider
145-->src/main/AndroidManifest.xml:159:9-167:20
146            android:name="androidx.core.content.FileProvider"
146-->src/main/AndroidManifest.xml:160:13-62
147            android:authorities="@string/providerAuthority"
147-->src/main/AndroidManifest.xml:161:13-60
148            android:exported="false"
148-->src/main/AndroidManifest.xml:163:13-37
149            android:grantUriPermissions="true" >
149-->src/main/AndroidManifest.xml:162:13-47
150            <meta-data
150-->src/main/AndroidManifest.xml:164:13-166:53
151                android:name="android.support.FILE_PROVIDER_PATHS"
151-->src/main/AndroidManifest.xml:165:17-67
152                android:resource="@xml/filepaths" />
152-->src/main/AndroidManifest.xml:166:17-50
153        </provider>
154
155        <service
155-->src/main/AndroidManifest.xml:169:9-184:19
156            android:name="com.fvergaracl.interralink.DelegationService"
156-->src/main/AndroidManifest.xml:170:13-46
157            android:enabled="@bool/enableNotification"
157-->src/main/AndroidManifest.xml:171:13-55
158            android:exported="@bool/enableNotification" >
158-->src/main/AndroidManifest.xml:172:13-56
159            <meta-data
159-->src/main/AndroidManifest.xml:175:17-177:73
160                android:name="android.support.customtabs.trusted.SMALL_ICON"
160-->src/main/AndroidManifest.xml:176:21-81
161                android:resource="@drawable/ic_notification_icon" />
161-->src/main/AndroidManifest.xml:177:21-70
162
163            <intent-filter>
163-->src/main/AndroidManifest.xml:180:13-183:29
164                <action android:name="android.support.customtabs.trusted.TRUSTED_WEB_ACTIVITY_SERVICE" />
164-->src/main/AndroidManifest.xml:181:17-105
164-->src/main/AndroidManifest.xml:181:25-103
165
166                <category android:name="android.intent.category.DEFAULT" />
166-->src/main/AndroidManifest.xml:143:17-76
166-->src/main/AndroidManifest.xml:143:27-73
167            </intent-filter>
168        </service>
169
170        <activity android:name="com.google.androidbrowserhelper.trusted.NotificationPermissionRequestActivity" />
170-->src/main/AndroidManifest.xml:187:13-118
170-->src/main/AndroidManifest.xml:187:23-115
171        <activity android:name="com.google.androidbrowserhelper.locationdelegation.PermissionRequestActivity" />
171-->src/main/AndroidManifest.xml:191:13-192:89
171-->src/main/AndroidManifest.xml:191:23-123
172        <activity
172-->[com.google.android.gms:play-services-base:18.1.0] AndroidManifest.xml:20:9-22:45
173            android:name="com.google.android.gms.common.api.GoogleApiActivity"
173-->[com.google.android.gms:play-services-base:18.1.0] AndroidManifest.xml:20:19-85
174            android:exported="false"
174-->[com.google.android.gms:play-services-base:18.1.0] AndroidManifest.xml:22:19-43
175            android:theme="@android:style/Theme.Translucent.NoTitleBar" />
175-->[com.google.android.gms:play-services-base:18.1.0] AndroidManifest.xml:21:19-78
176
177        <meta-data
177-->[com.google.android.gms:play-services-basement:18.1.0] AndroidManifest.xml:21:9-23:69
178            android:name="com.google.android.gms.version"
178-->[com.google.android.gms:play-services-basement:18.1.0] AndroidManifest.xml:22:13-58
179            android:value="@integer/google_play_services_version" />
179-->[com.google.android.gms:play-services-basement:18.1.0] AndroidManifest.xml:23:13-66
180    </application>
181
182</manifest>